Build started 2014-12-09 오후 5:29:01.
     1>Project "C:\Project\LeapAvatar\MotionController\MotionController.vcxproj" on node 2 (build target(s)).
     1>InitializeBuildStatus:
         Creating "Debug\MotionController.unsuccessfulbuild" because "AlwaysCreate" was specified.
       ClCompile:
         c:\Program Files\Microsoft Visual Studio 10.0\VC\bin\CL.exe /c /ZI /nologo /W3 /WX- /Od /Oy- /D WIN32 /D _DEBUG /D _CONSOLE /D _UNICODE /D UNICODE /Gm /EHsc /RTC1 /MDd /GS /fp:precise /Zc:wchar_t /Zc:forScope /Fo"Debug\\" /Fd"Debug\vc100.pdb" /Gd /TP /analyze- /errorReport:prompt main.cpp main_graphbuild.cpp
         main_graphbuild.cpp
     1>c:\project\leapavatar\motioncontroller\skeletalmotion.h(82): warning C4244: 'return' : conversion from 'double' to 'float', possible loss of data
     1>c:\project\leapavatar\motioncontroller\motiongraph.h(264): warning C4482: nonstandard extension used: enum 'MotionGraph::Node::Type' used in qualified name
     1>c:\project\leapavatar\motioncontroller\motiongraph.h(186): warning C4482: nonstandard extension used: enum 'MotionGraph::Node::Type' used in qualified name
     1>c:\project\leapavatar\motioncontroller\motiongraph.h(198): warning C4482: nonstandard extension used: enum 'MotionGraph::Node::Type' used in qualified name
     1>c:\project\leapavatar\motioncontroller\main_graphbuild.cpp(486): warning C4996: 'sprintf': This function or variable may be unsafe. Consider using sprintf_s instead. To disable deprecation, use _CRT_SECURE_NO_WARNINGS. See online help for details.
                 c:\program files\microsoft visual studio 10.0\vc\include\stdio.h(371) : see declaration of 'sprintf'
         main.cpp
     1>c:\project\leapavatar\motioncontroller\skeletalmotion.h(82): warning C4244: 'return' : conversion from 'double' to 'float', possible loss of data
         Generating Code...
       ManifestResourceCompile:
         All outputs are up-to-date.
       Link:
         c:\Program Files\Microsoft Visual Studio 10.0\VC\bin\link.exe /ERRORREPORT:PROMPT /OUT:"C:\Project\LeapAvatar\Debug\MotionController.exe" /INCREMENTAL /NOLOGO opengl32.lib glut32.lib glew32.lib kernel32.lib user32.lib gdi32.lib winspool.lib comdlg32.lib advapi32.lib shell32.lib ole32.lib oleaut32.lib uuid.lib odbc32.lib odbccp32.lib kernel32.lib user32.lib gdi32.lib winspool.lib comdlg32.lib advapi32.lib shell32.lib ole32.lib oleaut32.lib uuid.lib odbc32.lib odbccp32.lib /MANIFEST /ManifestFile:"Debug\MotionController.exe.intermediate.manifest" /MANIFESTUAC:"level='asInvoker' uiAccess='false'" /DEBUG /PDB:"C:\Project\LeapAvatar\Debug\MotionController.pdb" /SUBSYSTEM:CONSOLE /TLBID:1 /DYNAMICBASE /NXCOMPAT /IMPLIB:"C:\Project\LeapAvatar\Debug\MotionController.lib" /MACHINE:X86 Debug\MotionController.exe.embed.manifest.res
         Debug\addition.obj
         Debug\cross_product.obj
         Debug\dot_product.obj
         Debug\math_def.obj
         Debug\matrix.obj
         Debug\matrixN.obj
         Debug\matrix_mul.obj
         Debug\optimize1.obj
         Debug\optimize2.obj
         Debug\position.obj
         Debug\QmApproximate.obj
         Debug\QmGeodesic.obj
         Debug\quater.obj
         Debug\scalar_div.obj
         Debug\scalar_mul.obj
         Debug\smatrixN.obj
         Debug\subtraction.obj
         Debug\transf.obj
         Debug\transq.obj
         Debug\unit_vector.obj
         Debug\vector.obj
         Debug\vectorN.obj
         Debug\Character.obj
         Debug\DrawingTool.obj
         Debug\GraphSequence.obj
         Debug\Human.obj
         Debug\Joint.obj
         Debug\main.obj
         Debug\main_bvhplay.obj
         Debug\main_graphbuild.obj
         Debug\MotionCluster.obj
         Debug\MotionData.obj
         Debug\MotionEdit.obj
         Debug\MotionGraph.obj
         Debug\PoseConstraint.obj
         Debug\PoseData.obj
         Debug\PoseDistance.obj
         Debug\PoseIK.obj
         Debug\SkeletalMotion.obj
         Debug\Skeleton.obj
         Debug\skeleton_basketball.obj
         Debug\skeleton_bboy.obj
         Debug\skeleton_boxing.obj
         Debug\trackball.obj
       Manifest:
         C:\Program Files\Microsoft SDKs\Windows\v7.0A\bin\mt.exe /nologo /verbose /out:"Debug\MotionController.exe.embed.manifest" /manifest Debug\MotionController.exe.intermediate.manifest
         All outputs are up-to-date.
       LinkEmbedManifest:
         All outputs are up-to-date.
         MotionController.vcxproj -> C:\Project\LeapAvatar\Debug\MotionController.exe
       FinalizeBuildStatus:
         Deleting file "Debug\MotionController.unsuccessfulbuild".
         Touching "Debug\MotionController.lastbuildstate".
     1>Done Building Project "C:\Project\LeapAvatar\MotionController\MotionController.vcxproj" (build target(s)).

Build succeeded.

Time Elapsed 00:00:04.25
