Build started 2014-12-04 오후 11:09:34.
     1>Project "C:\Project\LeapAvatar\GripControl\GripControl.vcxproj" on node 2 (rebuild target(s)).
     1>_PrepareForClean:
         Deleting file "Debug\GripControl.lastbuildstate".
       InitializeBuildStatus:
         Creating "Debug\GripControl.unsuccessfulbuild" because "AlwaysCreate" was specified.
       ClCompile:
         c:\Program Files\Microsoft Visual Studio 10.0\VC\bin\CL.exe /c /ZI /nologo /W3 /WX- /Od /Oy- /D WIN32 /D _DEBUG /D _CONSOLE /D _UNICODE /D UNICODE /Gm /EHsc /RTC1 /MDd /GS /fp:precise /Zc:wchar_t /Zc:forScope /Fo"Debug\\" /Fd"Debug\vc100.pdb" /Gd /TP /analyze- /errorReport:prompt ..\mathclass\addition.cpp ..\mathclass\cross_product.cpp ..\mathclass\dot_product.cpp ..\mathclass\math_def.cpp ..\mathclass\matrix.cpp ..\mathclass\matrixN.cpp ..\mathclass\matrix_mul.cpp ..\mathclass\optimize1.cpp ..\mathclass\optimize2.cpp ..\mathclass\position.cpp ..\mathclass\QmApproximate.cpp ..\mathclass\QmGeodesic.cpp ..\mathclass\quater.cpp ..\mathclass\scalar_div.cpp ..\mathclass\scalar_mul.cpp ..\mathclass\smatrixN.cpp ..\mathclass\subtraction.cpp ..\mathclass\transf.cpp ..\mathclass\transq.cpp ..\mathclass\unit_vector.cpp ..\mathclass\vector.cpp ..\mathclass\vectorN.cpp Character.cpp DrawingTool.cpp GraphSequence.cpp Human.cpp Joint.cpp main_LeapControl.cpp MotionCluster.cpp MotionCodec.cpp MotionData.cpp MotionEdit.cpp MotionGraph.cpp PoseConstraint.cpp PoseData.cpp PoseDistance.cpp PoseIK.cpp SkeletalMotion.cpp Skeleton.cpp skeleton_basketball.cpp skeleton_bboy.cpp skeleton_boxing.cpp trackball.cpp
         trackball.cpp
         skeleton_boxing.cpp
         skeleton_bboy.cpp
         skeleton_basketball.cpp
         Skeleton.cpp
         SkeletalMotion.cpp
     1>c:\project\leapavatar\gripcontrol\skeletalmotion.h(82): warning C4244: 'return' : conversion from 'double' to 'float', possible loss of data
     1>c:\project\leapavatar\gripcontrol\skeletalmotion.cpp(435): warning C4101: 'j' : unreferenced local variable
         PoseIK.cpp
     1>c:\project\leapavatar\gripcontrol\poseik.cpp(127): warning C4482: nonstandard extension used: enum 'JointConstraint::Type' used in qualified name
     1>c:\project\leapavatar\gripcontrol\poseik.cpp(134): warning C4482: nonstandard extension used: enum 'JointConstraint::Type' used in qualified name
     1>c:\project\leapavatar\gripcontrol\poseik.cpp(141): warning C4482: nonstandard extension used: enum 'JointConstraint::Type' used in qualified name
     1>c:\project\leapavatar\gripcontrol\poseik.cpp(293): warning C4482: nonstandard extension used: enum 'JointConstraint::Type' used in qualified name
     1>c:\project\leapavatar\gripcontrol\poseik.cpp(303): warning C4482: nonstandard extension used: enum 'JointConstraint::Type' used in qualified name
     1>c:\project\leapavatar\gripcontrol\poseik.cpp(313): warning C4482: nonstandard extension used: enum 'JointConstraint::Type' used in qualified name
     1>c:\project\leapavatar\gripcontrol\poseik.cpp(360): warning C4482: nonstandard extension used: enum 'JointConstraint::Type' used in qualified name
     1>c:\project\leapavatar\gripcontrol\poseik.cpp(390): warning C4482: nonstandard extension used: enum 'JointConstraint::Type' used in qualified name
     1>c:\project\leapavatar\gripcontrol\poseik.cpp(399): warning C4482: nonstandard extension used: enum 'JointConstraint::Type' used in qualified name
     1>c:\project\leapavatar\gripcontrol\poseik.cpp(442): warning C4482: nonstandard extension used: enum 'JointConstraint::Type' used in qualified name
     1>c:\project\leapavatar\gripcontrol\poseik.cpp(468): warning C4482: nonstandard extension used: enum 'JointConstraint::Type' used in qualified name
     1>c:\project\leapavatar\gripcontrol\poseik.cpp(477): warning C4482: nonstandard extension used: enum 'JointConstraint::Type' used in qualified name
     1>c:\project\leapavatar\gripcontrol\poseik.cpp(516): warning C4482: nonstandard extension used: enum 'JointConstraint::Type' used in qualified name
     1>c:\project\leapavatar\gripcontrol\poseik.cpp(530): warning C4482: nonstandard extension used: enum 'JointConstraint::Type' used in qualified name
     1>c:\project\leapavatar\gripcontrol\poseik.cpp(539): warning C4482: nonstandard extension used: enum 'JointConstraint::Type' used in qualified name
         PoseDistance.cpp
         PoseData.cpp
         PoseConstraint.cpp
     1>c:\project\leapavatar\gripcontrol\poseconstraint.cpp(7): warning C4482: nonstandard extension used: enum 'JointConstraint::Type' used in qualified name
     1>c:\project\leapavatar\gripcontrol\poseconstraint.cpp(15): warning C4482: nonstandard extension used: enum 'JointConstraint::Type' used in qualified name
     1>c:\project\leapavatar\gripcontrol\poseconstraint.cpp(22): warning C4482: nonstandard extension used: enum 'JointConstraint::Type' used in qualified name
     1>c:\project\leapavatar\gripcontrol\poseconstraint.cpp(29): warning C4482: nonstandard extension used: enum 'JointConstraint::Type' used in qualified name
         MotionGraph.cpp
     1>c:\project\leapavatar\gripcontrol\motiongraph.h(264): warning C4482: nonstandard extension used: enum 'MotionGraph::Node::Type' used in qualified name
     1>c:\project\leapavatar\gripcontrol\motiongraph.h(186): warning C4482: nonstandard extension used: enum 'MotionGraph::Node::Type' used in qualified name
     1>c:\project\leapavatar\gripcontrol\motiongraph.h(198): warning C4482: nonstandard extension used: enum 'MotionGraph::Node::Type' used in qualified name
     1>c:\project\leapavatar\gripcontrol\skeletalmotion.h(82): warning C4244: 'return' : conversion from 'double' to 'float', possible loss of data
     1>c:\project\leapavatar\gripcontrol\motiongraph.cpp(211): warning C4482: nonstandard extension used: enum 'MotionGraph::Node::Type' used in qualified name
     1>c:\project\leapavatar\gripcontrol\motiongraph.cpp(212): warning C4482: nonstandard extension used: enum 'MotionGraph::Node::Type' used in qualified name
         MotionEdit.cpp
     1>c:\project\leapavatar\gripcontrol\skeletalmotion.h(82): warning C4244: 'return' : conversion from 'double' to 'float', possible loss of data
         MotionData.cpp
         MotionCodec.cpp
     1>c:\project\leapavatar\gripcontrol\skeletalmotion.h(82): warning C4244: 'return' : conversion from 'double' to 'float', possible loss of data
     1>c:\project\leapavatar\gripcontrol\motioncodec.cpp(270): warning C4244: 'initializing' : conversion from 'unsigned int' to 'float', possible loss of data
     1>c:\project\leapavatar\gripcontrol\motioncodec.cpp(453): warning C4244: 'initializing' : conversion from 'double' to 'float', possible loss of data
     1>c:\project\leapavatar\gripcontrol\motioncodec.cpp(454): warning C4244: 'initializing' : conversion from 'double' to 'float', possible loss of data
     1>c:\project\leapavatar\gripcontrol\motioncodec.cpp(455): warning C4244: 'initializing' : conversion from 'double' to 'float', possible loss of data
     1>c:\project\leapavatar\gripcontrol\motioncodec.cpp(457): warning C4244: 'initializing' : conversion from 'double' to 'float', possible loss of data
     1>c:\project\leapavatar\gripcontrol\motioncodec.cpp(458): warning C4244: 'initializing' : conversion from 'double' to 'float', possible loss of data
     1>c:\project\leapavatar\gripcontrol\motioncodec.cpp(459): warning C4244: 'initializing' : conversion from 'double' to 'float', possible loss of data
     1>c:\project\leapavatar\gripcontrol\motioncodec.cpp(460): warning C4244: 'initializing' : conversion from 'double' to 'float', possible loss of data
     1>c:\project\leapavatar\gripcontrol\motioncodec.cpp(470): warning C4244: 'initializing' : conversion from 'double' to 'float', possible loss of data
     1>c:\project\leapavatar\gripcontrol\motioncodec.cpp(471): warning C4244: 'initializing' : conversion from 'double' to 'float', possible loss of data
     1>c:\project\leapavatar\gripcontrol\motioncodec.cpp(472): warning C4244: 'initializing' : conversion from 'double' to 'float', possible loss of data
     1>c:\project\leapavatar\gripcontrol\motioncodec.cpp(474): warning C4244: 'initializing' : conversion from 'double' to 'float', possible loss of data
     1>c:\project\leapavatar\gripcontrol\motioncodec.cpp(475): warning C4244: 'initializing' : conversion from 'double' to 'float', possible loss of data
     1>c:\project\leapavatar\gripcontrol\motioncodec.cpp(476): warning C4244: 'initializing' : conversion from 'double' to 'float', possible loss of data
     1>c:\project\leapavatar\gripcontrol\motioncodec.cpp(477): warning C4244: 'initializing' : conversion from 'double' to 'float', possible loss of data
     1>c:\project\leapavatar\gripcontrol\motioncodec.cpp(487): warning C4244: 'initializing' : conversion from 'double' to 'float', possible loss of data
     1>c:\project\leapavatar\gripcontrol\motioncodec.cpp(488): warning C4244: 'initializing' : conversion from 'double' to 'float', possible loss of data
     1>c:\project\leapavatar\gripcontrol\motioncodec.cpp(489): warning C4244: 'initializing' : conversion from 'double' to 'float', possible loss of data
     1>c:\project\leapavatar\gripcontrol\motioncodec.cpp(491): warning C4244: 'initializing' : conversion from 'double' to 'float', possible loss of data
     1>c:\project\leapavatar\gripcontrol\motioncodec.cpp(492): warning C4244: 'initializing' : conversion from 'double' to 'float', possible loss of data
     1>c:\project\leapavatar\gripcontrol\motioncodec.cpp(493): warning C4244: 'initializing' : conversion from 'double' to 'float', possible loss of data
     1>c:\project\leapavatar\gripcontrol\motioncodec.cpp(494): warning C4244: 'initializing' : conversion from 'double' to 'float', possible loss of data
     1>c:\project\leapavatar\gripcontrol\motioncodec.cpp(504): warning C4244: 'initializing' : conversion from 'double' to 'float', possible loss of data
     1>c:\project\leapavatar\gripcontrol\motioncodec.cpp(505): warning C4244: 'initializing' : conversion from 'double' to 'float', possible loss of data
     1>c:\project\leapavatar\gripcontrol\motioncodec.cpp(506): warning C4244: 'initializing' : conversion from 'double' to 'float', possible loss of data
     1>c:\project\leapavatar\gripcontrol\motioncodec.cpp(508): warning C4244: 'initializing' : conversion from 'double' to 'float', possible loss of data
     1>c:\project\leapavatar\gripcontrol\motioncodec.cpp(509): warning C4244: 'initializing' : conversion from 'double' to 'float', possible loss of data
     1>c:\project\leapavatar\gripcontrol\motioncodec.cpp(510): warning C4244: 'initializing' : conversion from 'double' to 'float', possible loss of data
     1>c:\project\leapavatar\gripcontrol\motioncodec.cpp(511): warning C4244: 'initializing' : conversion from 'double' to 'float', possible loss of data
     1>c:\project\leapavatar\gripcontrol\motioncodec.cpp(521): warning C4244: 'initializing' : conversion from 'double' to 'float', possible loss of data
     1>c:\project\leapavatar\gripcontrol\motioncodec.cpp(522): warning C4244: 'initializing' : conversion from 'double' to 'float', possible loss of data
     1>c:\project\leapavatar\gripcontrol\motioncodec.cpp(523): warning C4244: 'initializing' : conversion from 'double' to 'float', possible loss of data
     1>c:\project\leapavatar\gripcontrol\motioncodec.cpp(525): warning C4244: 'initializing' : conversion from 'double' to 'float', possible loss of data
     1>c:\project\leapavatar\gripcontrol\motioncodec.cpp(526): warning C4244: 'initializing' : conversion from 'double' to 'float', possible loss of data
     1>c:\project\leapavatar\gripcontrol\motioncodec.cpp(527): warning C4244: 'initializing' : conversion from 'double' to 'float', possible loss of data
     1>c:\project\leapavatar\gripcontrol\motioncodec.cpp(528): warning C4244: 'initializing' : conversion from 'double' to 'float', possible loss of data
         MotionCluster.cpp
     1>c:\project\leapavatar\gripcontrol\skeletalmotion.h(82): warning C4244: 'return' : conversion from 'double' to 'float', possible loss of data
     1>c:\project\leapavatar\gripcontrol\motioncluster.cpp(89): warning C4244: '+=' : conversion from 'double' to 'float', possible loss of data
     1>c:\project\leapavatar\gripcontrol\motioncluster.cpp(122): warning C4244: '+=' : conversion from 'double' to 'float', possible loss of data
         main_LeapControl.cpp
         Joint.cpp
         Human.cpp
         GraphSequence.cpp
     1>c:\project\leapavatar\gripcontrol\skeletalmotion.h(82): warning C4244: 'return' : conversion from 'double' to 'float', possible loss of data
     1>c:\project\leapavatar\gripcontrol\motiongraph.h(264): warning C4482: nonstandard extension used: enum 'MotionGraph::Node::Type' used in qualified name
     1>c:\project\leapavatar\gripcontrol\motiongraph.h(186): warning C4482: nonstandard extension used: enum 'MotionGraph::Node::Type' used in qualified name
     1>c:\project\leapavatar\gripcontrol\motiongraph.h(198): warning C4482: nonstandard extension used: enum 'MotionGraph::Node::Type' used in qualified name
         DrawingTool.cpp
     1>c:\project\leapavatar\gripcontrol\skeletalmotion.h(82): warning C4244: 'return' : conversion from 'double' to 'float', possible loss of data
         Generating Code...
     1>c:\project\leapavatar\gripcontrol\motioncodec.cpp(234): warning C4715: 'MotionCodec::encode' : not all control paths return a value
     1>c:\project\leapavatar\gripcontrol\motioncodec.cpp(302): warning C4715: 'MotionCodec::decode' : not all control paths return a value
         Compiling...
         Character.cpp
     1>c:\project\leapavatar\gripcontrol\skeletalmotion.h(82): warning C4244: 'return' : conversion from 'double' to 'float', possible loss of data
     1>c:\project\leapavatar\gripcontrol\motiongraph.h(264): warning C4482: nonstandard extension used: enum 'MotionGraph::Node::Type' used in qualified name
     1>c:\project\leapavatar\gripcontrol\motiongraph.h(186): warning C4482: nonstandard extension used: enum 'MotionGraph::Node::Type' used in qualified name
     1>c:\project\leapavatar\gripcontrol\motiongraph.h(198): warning C4482: nonstandard extension used: enum 'MotionGraph::Node::Type' used in qualified name
         vectorN.cpp
         vector.cpp
         unit_vector.cpp
         transq.cpp
         transf.cpp
         subtraction.cpp
         smatrixN.cpp
         scalar_mul.cpp
         scalar_div.cpp
         quater.cpp
         QmGeodesic.cpp
         QmApproximate.cpp
         position.cpp
         optimize2.cpp
         optimize1.cpp
         matrix_mul.cpp
         matrixN.cpp
         matrix.cpp
         math_def.cpp
         Generating Code...
     1>c:\project\leapavatar\mathclass\smatrixn.cpp(161): warning C4700: uninitialized local variable 'nnze' used
         Compiling...
         dot_product.cpp
         cross_product.cpp
         addition.cpp
         Generating Code...
       ManifestResourceCompile:
         C:\Program Files\Microsoft SDKs\Windows\v7.0A\bin\rc.exe /nologo /fo"Debug\GripControl.exe.embed.manifest.res" Debug\GripControl_manifest.rc 
       Link:
         c:\Program Files\Microsoft Visual Studio 10.0\VC\bin\link.exe /ERRORREPORT:PROMPT /OUT:"C:\Project\LeapAvatar\Debug\GripControl.exe" /INCREMENTAL /NOLOGO opengl32.lib glut32.lib glew32.lib leapd.lib kernel32.lib user32.lib gdi32.lib winspool.lib comdlg32.lib advapi32.lib shell32.lib ole32.lib oleaut32.lib uuid.lib odbc32.lib odbccp32.lib kernel32.lib user32.lib gdi32.lib winspool.lib comdlg32.lib advapi32.lib shell32.lib ole32.lib oleaut32.lib uuid.lib odbc32.lib odbccp32.lib /MANIFEST /ManifestFile:"Debug\GripControl.exe.intermediate.manifest" /MANIFESTUAC:"level='asInvoker' uiAccess='false'" /DEBUG /PDB:"C:\Project\LeapAvatar\Debug\GripControl.pdb" /SUBSYSTEM:CONSOLE /TLBID:1 /DYNAMICBASE /NXCOMPAT /IMPLIB:"C:\Project\LeapAvatar\Debug\GripControl.lib" /MACHINE:X86 Debug\GripControl.exe.embed.manifest.res
         Debug\addition.obj
         Debug\cross_product.obj
         Debug\dot_product.obj
         Debug\math_def.obj
         Debug\matrix.obj
         Debug\matrixN.obj
         Debug\matrix_mul.obj
         Debug\optimize1.obj
         Debug\optimize2.obj
         Debug\position.obj
         Debug\QmApproximate.obj
         Debug\QmGeodesic.obj
         Debug\quater.obj
         Debug\scalar_div.obj
         Debug\scalar_mul.obj
         Debug\smatrixN.obj
         Debug\subtraction.obj
         Debug\transf.obj
         Debug\transq.obj
         Debug\unit_vector.obj
         Debug\vector.obj
         Debug\vectorN.obj
         Debug\Character.obj
         Debug\DrawingTool.obj
         Debug\GraphSequence.obj
         Debug\Human.obj
         Debug\Joint.obj
         Debug\main_LeapControl.obj
         Debug\MotionCluster.obj
         Debug\MotionCodec.obj
         Debug\MotionData.obj
         Debug\MotionEdit.obj
         Debug\MotionGraph.obj
         Debug\PoseConstraint.obj
         Debug\PoseData.obj
         Debug\PoseDistance.obj
         Debug\PoseIK.obj
         Debug\SkeletalMotion.obj
         Debug\Skeleton.obj
         Debug\skeleton_basketball.obj
         Debug\skeleton_bboy.obj
         Debug\skeleton_boxing.obj
         Debug\trackball.obj
       Manifest:
         Deleting file "Debug\GripControl.exe.embed.manifest".
         C:\Program Files\Microsoft SDKs\Windows\v7.0A\bin\mt.exe /nologo /verbose /out:"Debug\GripControl.exe.embed.manifest" /manifest Debug\GripControl.exe.intermediate.manifest
         C:\Program Files\Microsoft SDKs\Windows\v7.0A\bin\rc.exe /nologo /fo"Debug\GripControl.exe.embed.manifest.res" Debug\GripControl_manifest.rc 
       LinkEmbedManifest:
         c:\Program Files\Microsoft Visual Studio 10.0\VC\bin\link.exe /ERRORREPORT:PROMPT /OUT:"C:\Project\LeapAvatar\Debug\GripControl.exe" /INCREMENTAL /NOLOGO opengl32.lib glut32.lib glew32.lib leapd.lib kernel32.lib user32.lib gdi32.lib winspool.lib comdlg32.lib advapi32.lib shell32.lib ole32.lib oleaut32.lib uuid.lib odbc32.lib odbccp32.lib kernel32.lib user32.lib gdi32.lib winspool.lib comdlg32.lib advapi32.lib shell32.lib ole32.lib oleaut32.lib uuid.lib odbc32.lib odbccp32.lib /MANIFEST /ManifestFile:"Debug\GripControl.exe.intermediate.manifest" /MANIFESTUAC:"level='asInvoker' uiAccess='false'" /DEBUG /PDB:"C:\Project\LeapAvatar\Debug\GripControl.pdb" /SUBSYSTEM:CONSOLE /TLBID:1 /DYNAMICBASE /NXCOMPAT /IMPLIB:"C:\Project\LeapAvatar\Debug\GripControl.lib" /MACHINE:X86 Debug\GripControl.exe.embed.manifest.res
         Debug\addition.obj
         Debug\cross_product.obj
         Debug\dot_product.obj
         Debug\math_def.obj
         Debug\matrix.obj
         Debug\matrixN.obj
         Debug\matrix_mul.obj
         Debug\optimize1.obj
         Debug\optimize2.obj
         Debug\position.obj
         Debug\QmApproximate.obj
         Debug\QmGeodesic.obj
         Debug\quater.obj
         Debug\scalar_div.obj
         Debug\scalar_mul.obj
         Debug\smatrixN.obj
         Debug\subtraction.obj
         Debug\transf.obj
         Debug\transq.obj
         Debug\unit_vector.obj
         Debug\vector.obj
         Debug\vectorN.obj
         Debug\Character.obj
         Debug\DrawingTool.obj
         Debug\GraphSequence.obj
         Debug\Human.obj
         Debug\Joint.obj
         Debug\main_LeapControl.obj
         Debug\MotionCluster.obj
         Debug\MotionCodec.obj
         Debug\MotionData.obj
         Debug\MotionEdit.obj
         Debug\MotionGraph.obj
         Debug\PoseConstraint.obj
         Debug\PoseData.obj
         Debug\PoseDistance.obj
         Debug\PoseIK.obj
         Debug\SkeletalMotion.obj
         Debug\Skeleton.obj
         Debug\skeleton_basketball.obj
         Debug\skeleton_bboy.obj
         Debug\skeleton_boxing.obj
         Debug\trackball.obj
         GripControl.vcxproj -> C:\Project\LeapAvatar\Debug\GripControl.exe
       FinalizeBuildStatus:
         Deleting file "Debug\GripControl.unsuccessfulbuild".
         Touching "Debug\GripControl.lastbuildstate".
     1>Done Building Project "C:\Project\LeapAvatar\GripControl\GripControl.vcxproj" (rebuild target(s)).

Build succeeded.

Time Elapsed 00:00:19.62
