C:\PROJECT\LEAPAVATAR\DEBUG\GRIPCONTROL.EXE
C:\PROJECT\LEAPAVATAR\DEBUG\GRIPCONTROL.ILK
C:\PROJECT\LEAPAVATAR\DEBUG\GRIPCONTROL.PDB
C:\PROJECT\LEAPAVATAR\GRIPCONTROL\DEBUG\ADDITION.OBJ
C:\PROJECT\LEAPAVATAR\GRIPCONTROL\DEBUG\CHARACTER.OBJ
C:\Project\LeapAvatar\GripControl\Debug\cl.command.1.tlog
C:\Project\LeapAvatar\GripControl\Debug\CL.read.1.tlog
C:\Project\LeapAvatar\GripControl\Debug\CL.write.1.tlog
C:\PROJECT\LEAPAVATAR\GRIPCONTROL\DEBUG\CROSS_PRODUCT.OBJ
C:\PROJECT\LEAPAVATAR\GRIPCONTROL\DEBUG\DOT_PRODUCT.OBJ
C:\PROJECT\LEAPAVATAR\GRIPCONTROL\DEBUG\DRAWINGTOOL.OBJ
C:\PROJECT\LEAPAVATAR\GRIPCONTROL\DEBUG\GRAPHSEQUENCE.OBJ
C:\PROJECT\LEAPAVATAR\GRIPCONTROL\DEBUG\GRIPCONTROL.EXE.EMBED.MANIFEST
C:\PROJECT\LEAPAVATAR\GRIPCONTROL\DEBUG\GRIPCONTROL.EXE.EMBED.MANIFEST.RES
C:\PROJECT\LEAPAVATAR\GRIPCONTROL\DEBUG\GRIPCONTROL.EXE.INTERMEDIATE.MANIFEST
C:\Project\LeapAvatar\GripControl\Debug\GripControl.vcxprojResolveAssemblyReference.cache
C:\Project\LeapAvatar\GripControl\Debug\GripControl.write.1.tlog
C:\Project\LeapAvatar\GripControl\Debug\GripControl_manifest.rc
C:\PROJECT\LEAPAVATAR\GRIPCONTROL\DEBUG\HUMAN.OBJ
C:\PROJECT\LEAPAVATAR\GRIPCONTROL\DEBUG\JOINT.OBJ
C:\Project\LeapAvatar\GripControl\Debug\link.10132.read.1.tlog
C:\Project\LeapAvatar\GripControl\Debug\link.10132.write.1.tlog
C:\Project\LeapAvatar\GripControl\Debug\link.10132-cvtres.read.1.tlog
C:\Project\LeapAvatar\GripControl\Debug\link.10132-cvtres.write.1.tlog
C:\Project\LeapAvatar\GripControl\Debug\link.8748.read.1.tlog
C:\Project\LeapAvatar\GripControl\Debug\link.8748.write.1.tlog
C:\Project\LeapAvatar\GripControl\Debug\link.8748-cvtres.read.1.tlog
C:\Project\LeapAvatar\GripControl\Debug\link.8748-cvtres.write.1.tlog
C:\Project\LeapAvatar\GripControl\Debug\link.command.1.tlog
C:\Project\LeapAvatar\GripControl\Debug\link.read.1.tlog
C:\Project\LeapAvatar\GripControl\Debug\link.write.1.tlog
C:\Project\LeapAvatar\GripControl\Debug\link-cvtres.read.1.tlog
C:\Project\LeapAvatar\GripControl\Debug\link-cvtres.write.1.tlog
C:\PROJECT\LEAPAVATAR\GRIPCONTROL\DEBUG\MAIN_LEAPCONTROL.OBJ
C:\PROJECT\LEAPAVATAR\GRIPCONTROL\DEBUG\MATH_DEF.OBJ
C:\PROJECT\LEAPAVATAR\GRIPCONTROL\DEBUG\MATRIX.OBJ
C:\PROJECT\LEAPAVATAR\GRIPCONTROL\DEBUG\MATRIX_MUL.OBJ
C:\PROJECT\LEAPAVATAR\GRIPCONTROL\DEBUG\MATRIXN.OBJ
C:\PROJECT\LEAPAVATAR\GRIPCONTROL\DEBUG\MOTIONCLUSTER.OBJ
C:\PROJECT\LEAPAVATAR\GRIPCONTROL\DEBUG\MOTIONCODEC.OBJ
C:\PROJECT\LEAPAVATAR\GRIPCONTROL\DEBUG\MOTIONDATA.OBJ
C:\PROJECT\LEAPAVATAR\GRIPCONTROL\DEBUG\MOTIONEDIT.OBJ
C:\PROJECT\LEAPAVATAR\GRIPCONTROL\DEBUG\MOTIONGRAPH.OBJ
C:\Project\LeapAvatar\GripControl\Debug\mt.command.1.tlog
C:\Project\LeapAvatar\GripControl\Debug\mt.read.1.tlog
C:\Project\LeapAvatar\GripControl\Debug\mt.write.1.tlog
C:\PROJECT\LEAPAVATAR\GRIPCONTROL\DEBUG\OPTIMIZE1.OBJ
C:\PROJECT\LEAPAVATAR\GRIPCONTROL\DEBUG\OPTIMIZE2.OBJ
C:\PROJECT\LEAPAVATAR\GRIPCONTROL\DEBUG\POSECONSTRAINT.OBJ
C:\PROJECT\LEAPAVATAR\GRIPCONTROL\DEBUG\POSEDATA.OBJ
C:\PROJECT\LEAPAVATAR\GRIPCONTROL\DEBUG\POSEDISTANCE.OBJ
C:\PROJECT\LEAPAVATAR\GRIPCONTROL\DEBUG\POSEIK.OBJ
C:\PROJECT\LEAPAVATAR\GRIPCONTROL\DEBUG\POSITION.OBJ
C:\PROJECT\LEAPAVATAR\GRIPCONTROL\DEBUG\QMAPPROXIMATE.OBJ
C:\PROJECT\LEAPAVATAR\GRIPCONTROL\DEBUG\QMGEODESIC.OBJ
C:\PROJECT\LEAPAVATAR\GRIPCONTROL\DEBUG\QUATER.OBJ
C:\Project\LeapAvatar\GripControl\Debug\rc.command.1.tlog
C:\Project\LeapAvatar\GripControl\Debug\rc.read.1.tlog
C:\Project\LeapAvatar\GripControl\Debug\rc.write.1.tlog
C:\PROJECT\LEAPAVATAR\GRIPCONTROL\DEBUG\SCALAR_DIV.OBJ
C:\PROJECT\LEAPAVATAR\GRIPCONTROL\DEBUG\SCALAR_MUL.OBJ
C:\PROJECT\LEAPAVATAR\GRIPCONTROL\DEBUG\SKELETALMOTION.OBJ
C:\PROJECT\LEAPAVATAR\GRIPCONTROL\DEBUG\SKELETON.OBJ
C:\PROJECT\LEAPAVATAR\GRIPCONTROL\DEBUG\SKELETON_BASKETBALL.OBJ
C:\PROJECT\LEAPAVATAR\GRIPCONTROL\DEBUG\SKELETON_BBOY.OBJ
C:\PROJECT\LEAPAVATAR\GRIPCONTROL\DEBUG\SKELETON_BOXING.OBJ
C:\PROJECT\LEAPAVATAR\GRIPCONTROL\DEBUG\SMATRIXN.OBJ
C:\PROJECT\LEAPAVATAR\GRIPCONTROL\DEBUG\SUBTRACTION.OBJ
C:\PROJECT\LEAPAVATAR\GRIPCONTROL\DEBUG\TRACKBALL.OBJ
C:\PROJECT\LEAPAVATAR\GRIPCONTROL\DEBUG\TRANSF.OBJ
C:\PROJECT\LEAPAVATAR\GRIPCONTROL\DEBUG\TRANSQ.OBJ
C:\PROJECT\LEAPAVATAR\GRIPCONTROL\DEBUG\UNIT_VECTOR.OBJ
C:\Project\LeapAvatar\GripControl\Debug\vc100.idb
C:\PROJECT\LEAPAVATAR\GRIPCONTROL\DEBUG\VC100.PDB
C:\PROJECT\LEAPAVATAR\GRIPCONTROL\DEBUG\VECTOR.OBJ
C:\PROJECT\LEAPAVATAR\GRIPCONTROL\DEBUG\VECTORN.OBJ
