Build started 2014-12-10 오후 1:07:37.
     1>Project "C:\Project\LeapAvatar\GripControl\GripControl.vcxproj" on node 2 (build target(s)).
     1>InitializeBuildStatus:
         Touching "Release\GripControl.unsuccessfulbuild".
       ClCompile:
         c:\Program Files\Microsoft Visual Studio 10.0\VC\bin\CL.exe /c /Zi /nologo /W3 /WX- /O2 /Oi /Oy- /GL /D WIN32 /D NDEBUG /D _CONSOLE /D _UNICODE /D UNICODE /Gm- /EHsc /MD /GS /Gy /fp:precise /Zc:wchar_t /Zc:forScope /Fo"Release\\" /Fd"Release\vc100.pdb" /Gd /TP /analyze- /errorReport:prompt main_LeapControl.cpp
         main_LeapControl.cpp
       Link:
         c:\Program Files\Microsoft Visual Studio 10.0\VC\bin\link.exe /ERRORREPORT:PROMPT /OUT:"C:\Project\LeapAvatar\Release\GripControl.exe" /INCREMENTAL:NO /NOLOGO opengl32.lib glut32.lib glew32.lib leap.lib kernel32.lib user32.lib gdi32.lib winspool.lib comdlg32.lib advapi32.lib shell32.lib ole32.lib oleaut32.lib uuid.lib odbc32.lib odbccp32.lib kernel32.lib user32.lib gdi32.lib winspool.lib comdlg32.lib advapi32.lib shell32.lib ole32.lib oleaut32.lib uuid.lib odbc32.lib odbccp32.lib /MANIFEST /ManifestFile:"Release\GripControl.exe.intermediate.manifest" /MANIFESTUAC:"level='asInvoker' uiAccess='false'" /DEBUG /PDB:"C:\Project\LeapAvatar\Release\GripControl.pdb" /SUBSYSTEM:CONSOLE /OPT:REF /OPT:ICF /LTCG /TLBID:1 /DYNAMICBASE /NXCOMPAT /IMPLIB:"C:\Project\LeapAvatar\Release\GripControl.lib" /MACHINE:X86 Release\addition.obj
         Release\cross_product.obj
         Release\dot_product.obj
         Release\math_def.obj
         Release\matrix.obj
         Release\matrixN.obj
         Release\matrix_mul.obj
         Release\optimize1.obj
         Release\optimize2.obj
         Release\position.obj
         Release\QmApproximate.obj
         Release\QmGeodesic.obj
         Release\quater.obj
         Release\scalar_div.obj
         Release\scalar_mul.obj
         Release\smatrixN.obj
         Release\subtraction.obj
         Release\transf.obj
         Release\transq.obj
         Release\unit_vector.obj
         Release\vector.obj
         Release\vectorN.obj
         Release\Character.obj
         Release\DrawingTool.obj
         Release\GraphSequence.obj
         Release\Human.obj
         Release\Joint.obj
         Release\main_LeapControl.obj
         Release\MotionCluster.obj
         Release\MotionCodec.obj
         Release\MotionData.obj
         Release\MotionEdit.obj
         Release\MotionGraph.obj
         Release\PoseConstraint.obj
         Release\PoseData.obj
         Release\PoseDistance.obj
         Release\PoseIK.obj
         Release\SkeletalMotion.obj
         Release\Skeleton.obj
         Release\skeleton_basketball.obj
         Release\skeleton_bboy.obj
         Release\skeleton_boxing.obj
         Release\trackball.obj
         Generating code
         Finished generating code
         GripControl.vcxproj -> C:\Project\LeapAvatar\Release\GripControl.exe
       Manifest:
         C:\Program Files\Microsoft SDKs\Windows\v7.0A\bin\mt.exe /nologo /verbose /outputresource:"C:\Project\LeapAvatar\Release\GripControl.exe;#1" /manifest Release\GripControl.exe.intermediate.manifest
       FinalizeBuildStatus:
         Deleting file "Release\GripControl.unsuccessfulbuild".
         Touching "Release\GripControl.lastbuildstate".
     1>Done Building Project "C:\Project\LeapAvatar\GripControl\GripControl.vcxproj" (build target(s)).

Build succeeded.

Time Elapsed 00:00:05.64
