Build started 12/23/2014 1:14:54 AM.
     1>Project "C:\Mingle\Projects\2015\MotionOrbits\MotionController\MotionController.vcxproj" on node 2 (build target(s)).
     1>PrepareForBuild:
         Creating directory "C:\Mingle\Projects\2015\MotionOrbits\Release\".
       InitializeBuildStatus:
         Creating "Release\MotionController.unsuccessfulbuild" because "AlwaysCreate" was specified.
       ClCompile:
         C:\Program Files (x86)\Microsoft Visual Studio 10.0\VC\bin\CL.exe /c /Zi /nologo /W3 /WX- /O2 /Oi /Oy- /GL /D WIN32 /D NDEBUG /D _CONSOLE /D _UNICODE /D UNICODE /Gm- /EHsc /MD /GS /Gy /fp:precise /Zc:wchar_t /Zc:forScope /Fo"Release\\" /Fd"Release\vc100.pdb" /Gd /TP /analyze- /errorReport:prompt ..\mathclass\addition.cpp ..\mathclass\cross_product.cpp ..\mathclass\dot_product.cpp ..\mathclass\math_def.cpp ..\mathclass\matrix.cpp ..\mathclass\matrixN.cpp ..\mathclass\matrix_mul.cpp ..\mathclass\optimize1.cpp ..\mathclass\optimize2.cpp ..\mathclass\position.cpp ..\mathclass\QmApproximate.cpp ..\mathclass\QmGeodesic.cpp ..\mathclass\quater.cpp ..\mathclass\scalar_div.cpp ..\mathclass\scalar_mul.cpp ..\mathclass\smatrixN.cpp ..\mathclass\subtraction.cpp ..\mathclass\transf.cpp ..\mathclass\transq.cpp ..\mathclass\unit_vector.cpp ..\mathclass\vector.cpp ..\mathclass\vectorN.cpp Character.cpp DrawingTool.cpp GraphSequence.cpp Human.cpp Joint.cpp main.cpp main_bvhplay.cpp main_graphbuild.cpp main_graphplay.cpp main_orbitbuild.cpp main_orbitplay.cpp MotionCluster.cpp MotionData.cpp MotionEdit.cpp MotionGraph.cpp OrbitGraph.cpp PoseConstraint.cpp PoseData.cpp PoseDistance.cpp PoseIK.cpp SkeletalMotion.cpp Skeleton.cpp skeleton_basketball.cpp skeleton_bboy.cpp skeleton_boxing.cpp trackball.cpp
         addition.cpp
         cross_product.cpp
         dot_product.cpp
         math_def.cpp
         matrix.cpp
         matrixN.cpp
         matrix_mul.cpp
         optimize1.cpp
         optimize2.cpp
         position.cpp
         QmApproximate.cpp
         QmGeodesic.cpp
         quater.cpp
         scalar_div.cpp
         scalar_mul.cpp
         smatrixN.cpp
         subtraction.cpp
         transf.cpp
         transq.cpp
         unit_vector.cpp
         Compiling...
         vector.cpp
         vectorN.cpp
         Character.cpp
     1>c:\mingle\projects\2015\motionorbits\motioncontroller\Character.h(3): fatal error C1083: Cannot open include file: 'mathclass/position.h': No such file or directory
         DrawingTool.cpp
     1>c:\mingle\projects\2015\motionorbits\motioncontroller\DrawingTool.h(3): fatal error C1083: Cannot open include file: 'mathclass/position.h': No such file or directory
         GraphSequence.cpp
     1>c:\mingle\projects\2015\motionorbits\motioncontroller\GraphSequence.h(3): fatal error C1083: Cannot open include file: 'mathclass/position.h': No such file or directory
         Human.cpp
         Joint.cpp
     1>c:\mingle\projects\2015\motionorbits\motioncontroller\Joint.h(5): fatal error C1083: Cannot open include file: 'mathclass/vector.h': No such file or directory
         main.cpp
     1>c:\mingle\projects\2015\motionorbits\motioncontroller\DrawingTool.h(3): fatal error C1083: Cannot open include file: 'mathclass/position.h': No such file or directory
         main_bvhplay.cpp
     1>main_bvhplay.cpp(7): fatal error C1083: Cannot open include file: 'GL/glew.h': No such file or directory
         main_graphbuild.cpp
     1>c:\mingle\projects\2015\motionorbits\motioncontroller\SkeletalMotion.h(5): fatal error C1083: Cannot open include file: 'mathclass/position.h': No such file or directory
         main_graphplay.cpp
     1>main_graphplay.cpp(10): fatal error C1083: Cannot open include file: 'GL/glew.h': No such file or directory
         main_orbitbuild.cpp
     1>c:\mingle\projects\2015\motionorbits\motioncontroller\SkeletalMotion.h(5): fatal error C1083: Cannot open include file: 'mathclass/position.h': No such file or directory
         main_orbitplay.cpp
     1>main_orbitplay.cpp(10): fatal error C1083: Cannot open include file: 'GL/glew.h': No such file or directory
         MotionCluster.cpp
     1>c:\mingle\projects\2015\motionorbits\motioncontroller\SkeletalMotion.h(5): fatal error C1083: Cannot open include file: 'mathclass/position.h': No such file or directory
         MotionData.cpp
     1>c:\mingle\projects\2015\motionorbits\motioncontroller\MotionData.h(4): fatal error C1083: Cannot open include file: 'mathclass/transq.h': No such file or directory
         MotionEdit.cpp
     1>c:\mingle\projects\2015\motionorbits\motioncontroller\MotionEdit.h(5): fatal error C1083: Cannot open include file: 'mathclass/vector.h': No such file or directory
         MotionGraph.cpp
     1>c:\mingle\projects\2015\motionorbits\motioncontroller\MotionGraph.h(9): fatal error C1083: Cannot open include file: 'mathclass/position.h': No such file or directory
         OrbitGraph.cpp
     1>c:\mingle\projects\2015\motionorbits\motioncontroller\MotionGraph.h(9): fatal error C1083: Cannot open include file: 'mathclass/position.h': No such file or directory
         PoseConstraint.cpp
     1>c:\mingle\projects\2015\motionorbits\motioncontroller\PoseConstraint.h(4): fatal error C1083: Cannot open include file: 'mathclass/transq.h': No such file or directory
         PoseData.cpp
     1>c:\mingle\projects\2015\motionorbits\motioncontroller\PoseData.h(3): fatal error C1083: Cannot open include file: 'mathclass/position.h': No such file or directory
         Compiling...
         PoseDistance.cpp
         PoseIK.cpp
     1>c:\mingle\projects\2015\motionorbits\motioncontroller\PoseIK.h(4): fatal error C1083: Cannot open include file: 'mathclass/transq.h': No such file or directory
         SkeletalMotion.cpp
     1>c:\mingle\projects\2015\motionorbits\motioncontroller\SkeletalMotion.h(5): fatal error C1083: Cannot open include file: 'mathclass/position.h': No such file or directory
         Skeleton.cpp
     1>c:\mingle\projects\2015\motionorbits\motioncontroller\Joint.h(5): fatal error C1083: Cannot open include file: 'mathclass/vector.h': No such file or directory
         skeleton_basketball.cpp
     1>c:\mingle\projects\2015\motionorbits\motioncontroller\Joint.h(5): fatal error C1083: Cannot open include file: 'mathclass/vector.h': No such file or directory
         skeleton_bboy.cpp
     1>c:\mingle\projects\2015\motionorbits\motioncontroller\Joint.h(5): fatal error C1083: Cannot open include file: 'mathclass/vector.h': No such file or directory
         skeleton_boxing.cpp
     1>c:\mingle\projects\2015\motionorbits\motioncontroller\Joint.h(5): fatal error C1083: Cannot open include file: 'mathclass/vector.h': No such file or directory
         trackball.cpp
     1>Done Building Project "C:\Mingle\Projects\2015\MotionOrbits\MotionController\MotionController.vcxproj" (build target(s)) -- FAILED.

Build FAILED.

Time Elapsed 00:00:09.61
