C:\Project\LeapAvatar\Debug\HandTracking.pdb
C:\Project\LeapAvatar\HandTracking\Debug\cl.command.1.tlog
C:\Project\LeapAvatar\HandTracking\Debug\CL.read.1.tlog
C:\Project\LeapAvatar\HandTracking\Debug\CL.write.1.tlog
C:\PROJECT\LEAPAVATAR\HANDTRACKING\DEBUG\HANDTRACKING.EXE.EMBED.MANIFEST
C:\PROJECT\LEAPAVATAR\HANDTRACKING\DEBUG\HANDTRACKING.EXE.EMBED.MANIFEST.RES
C:\Project\LeapAvatar\HandTracking\Debug\HandTracking.exe.intermediate.manifest
C:\Project\LeapAvatar\HandTracking\Debug\HandTracking.vcxprojResolveAssemblyReference.cache
C:\Project\LeapAvatar\HandTracking\Debug\HandTracking.write.1.tlog
C:\Project\LeapAvatar\HandTracking\Debug\HandTracking_manifest.rc
C:\Project\LeapAvatar\HandTracking\Debug\link.6636.read.1.tlog
C:\Project\LeapAvatar\HandTracking\Debug\link.6636.write.1.tlog
C:\Project\LeapAvatar\HandTracking\Debug\link.6636-cvtres.read.1.tlog
C:\Project\LeapAvatar\HandTracking\Debug\link.6636-cvtres.write.1.tlog
C:\Project\LeapAvatar\HandTracking\Debug\link.796.read.1.tlog
C:\Project\LeapAvatar\HandTracking\Debug\link.796.write.1.tlog
C:\Project\LeapAvatar\HandTracking\Debug\link.796-cvtres.read.1.tlog
C:\Project\LeapAvatar\HandTracking\Debug\link.796-cvtres.write.1.tlog
C:\Project\LeapAvatar\HandTracking\Debug\link.command.1.tlog
C:\Project\LeapAvatar\HandTracking\Debug\link.read.1.tlog
C:\Project\LeapAvatar\HandTracking\Debug\link.write.1.tlog
C:\Project\LeapAvatar\HandTracking\Debug\link-cvtres.read.1.tlog
C:\Project\LeapAvatar\HandTracking\Debug\link-cvtres.write.1.tlog
C:\PROJECT\LEAPAVATAR\HANDTRACKING\DEBUG\MAIN_LEAPV2.OBJ
C:\Project\LeapAvatar\HandTracking\Debug\mt.command.1.tlog
C:\Project\LeapAvatar\HandTracking\Debug\mt.read.1.tlog
C:\Project\LeapAvatar\HandTracking\Debug\mt.write.1.tlog
C:\Project\LeapAvatar\HandTracking\Debug\rc.command.1.tlog
C:\Project\LeapAvatar\HandTracking\Debug\rc.read.1.tlog
C:\Project\LeapAvatar\HandTracking\Debug\rc.write.1.tlog
C:\Project\LeapAvatar\HandTracking\Debug\vc100.idb
C:\PROJECT\LEAPAVATAR\HANDTRACKING\DEBUG\VC100.PDB
